04-01 18:01:29 com_github_MitjaNemec_Archive3DModels.action_archive_3d_models 220:Plugin executed on: 'linux'
04-01 18:01:29 com_github_MitjaNemec_Archive3DModels.action_archive_3d_models 221:Plugin executed with python version: '3.12.3 (main, Feb  4 2025, 14:48:35) [GCC 13.3.0]'
04-01 18:01:29 com_github_MitjaNemec_Archive3DModels.action_archive_3d_models 222:KiCad build version: 9.0.1-9.0.1-0~ubuntu24.04.1
04-01 18:01:29 com_github_MitjaNemec_Archive3DModels.action_archive_3d_models 223:Plugin version: 1.0.14
04-01 18:01:29 com_github_MitjaNemec_Archive3DModels.action_archive_3d_models 228:Screen sizes: [wx.Size(1920, 1080)]
04-01 18:01:29 com_github_MitjaNemec_Archive3DModels.action_archive_3d_models 235:Dialog size: wx.Size(213, 81)
04-01 18:01:29 com_github_MitjaNemec_Archive3DModels.action_archive_3d_models 237:Char size: 16
04-01 18:01:30 com_github_MitjaNemec_Archive3DModels.archive_3d_models 30:Starting to archive 3D models
04-01 18:01:30 com_github_MitjaNemec_Archive3DModels.archive_3d_models 51:Getting 3D models for footprint of: JP2
04-01 18:01:30 com_github_MitjaNemec_Archive3DModels.archive_3d_models 51:Getting 3D models for footprint of: TP1
04-01 18:01:30 com_github_MitjaNemec_Archive3DModels.archive_3d_models 51:Getting 3D models for footprint of: R15
04-01 18:01:30 com_github_MitjaNemec_Archive3DModels.archive_3d_models 63:Trying to copy: ${KIPRJMOD}/packages3D/R_1206_3216Metric.wrl
04-01 18:01:30 com_github_MitjaNemec_Archive3DModels.archive_3d_models 150:Remapping: ${KIPRJMOD}/packages3D/R_1206_3216Metric.wrl
04-01 18:01:30 com_github_MitjaNemec_Archive3DModels.archive_3d_models 51:Getting 3D models for footprint of: J1
04-01 18:01:30 com_github_MitjaNemec_Archive3DModels.archive_3d_models 63:Trying to copy: ${KIPRJMOD}/packages3D/PinSocket_1x04_P2.54mm_Vertical.wrl
04-01 18:01:30 com_github_MitjaNemec_Archive3DModels.archive_3d_models 150:Remapping: ${KIPRJMOD}/packages3D/PinSocket_1x04_P2.54mm_Vertical.wrl
04-01 18:01:30 com_github_MitjaNemec_Archive3DModels.archive_3d_models 51:Getting 3D models for footprint of: D6
04-01 18:01:30 com_github_MitjaNemec_Archive3DModels.archive_3d_models 63:Trying to copy: ${KIPRJMOD}/packages3D/SOT-23.wrl
04-01 18:01:30 com_github_MitjaNemec_Archive3DModels.archive_3d_models 150:Remapping: ${KIPRJMOD}/packages3D/SOT-23.wrl
04-01 18:01:30 com_github_MitjaNemec_Archive3DModels.archive_3d_models 51:Getting 3D models for footprint of: R10
04-01 18:01:30 com_github_MitjaNemec_Archive3DModels.archive_3d_models 63:Trying to copy: ${KIPRJMOD}/packages3D/R_1206_3216Metric.wrl
04-01 18:01:30 com_github_MitjaNemec_Archive3DModels.archive_3d_models 150:Remapping: ${KIPRJMOD}/packages3D/R_1206_3216Metric.wrl
04-01 18:01:30 com_github_MitjaNemec_Archive3DModels.archive_3d_models 51:Getting 3D models for footprint of: R11
04-01 18:01:30 com_github_MitjaNemec_Archive3DModels.archive_3d_models 63:Trying to copy: ${KIPRJMOD}/packages3D/R_1206_3216Metric.wrl
04-01 18:01:30 com_github_MitjaNemec_Archive3DModels.archive_3d_models 150:Remapping: ${KIPRJMOD}/packages3D/R_1206_3216Metric.wrl
04-01 18:01:30 com_github_MitjaNemec_Archive3DModels.archive_3d_models 51:Getting 3D models for footprint of: JP1
04-01 18:01:30 com_github_MitjaNemec_Archive3DModels.archive_3d_models 51:Getting 3D models for footprint of: R13
04-01 18:01:30 com_github_MitjaNemec_Archive3DModels.archive_3d_models 63:Trying to copy: ${KIPRJMOD}/packages3D/R_1206_3216Metric.wrl
04-01 18:01:30 com_github_MitjaNemec_Archive3DModels.archive_3d_models 150:Remapping: ${KIPRJMOD}/packages3D/R_1206_3216Metric.wrl
04-01 18:01:30 com_github_MitjaNemec_Archive3DModels.archive_3d_models 51:Getting 3D models for footprint of: TP3
04-01 18:01:30 com_github_MitjaNemec_Archive3DModels.archive_3d_models 51:Getting 3D models for footprint of: R17
04-01 18:01:30 com_github_MitjaNemec_Archive3DModels.archive_3d_models 63:Trying to copy: ${KIPRJMOD}/packages3D/R_1206_3216Metric.wrl
04-01 18:01:30 com_github_MitjaNemec_Archive3DModels.archive_3d_models 150:Remapping: ${KIPRJMOD}/packages3D/R_1206_3216Metric.wrl
04-01 18:01:30 com_github_MitjaNemec_Archive3DModels.archive_3d_models 51:Getting 3D models for footprint of: U1
04-01 18:01:30 com_github_MitjaNemec_Archive3DModels.archive_3d_models 63:Trying to copy: ${KIPRJMOD}/packages3D/BULETM-SMD_ESPRESSIF_ESP32-C3-WROOM-02-N4-4MB.wrl
04-01 18:01:30 com_github_MitjaNemec_Archive3DModels.archive_3d_models 150:Remapping: ${KIPRJMOD}/packages3D/BULETM-SMD_ESPRESSIF_ESP32-C3-WROOM-02-N4-4MB.wrl
04-01 18:01:30 com_github_MitjaNemec_Archive3DModels.archive_3d_models 51:Getting 3D models for footprint of: R12
04-01 18:01:30 com_github_MitjaNemec_Archive3DModels.archive_3d_models 63:Trying to copy: ${KIPRJMOD}/packages3D/R_1206_3216Metric.wrl
04-01 18:01:30 com_github_MitjaNemec_Archive3DModels.archive_3d_models 150:Remapping: ${KIPRJMOD}/packages3D/R_1206_3216Metric.wrl
04-01 18:01:30 com_github_MitjaNemec_Archive3DModels.archive_3d_models 51:Getting 3D models for footprint of: G***
04-01 18:01:30 com_github_MitjaNemec_Archive3DModels.archive_3d_models 51:Getting 3D models for footprint of: C33
04-01 18:01:30 com_github_MitjaNemec_Archive3DModels.archive_3d_models 63:Trying to copy: ${KIPRJMOD}/packages3D/C_1210_3225Metric.wrl
04-01 18:01:30 com_github_MitjaNemec_Archive3DModels.archive_3d_models 150:Remapping: ${KIPRJMOD}/packages3D/C_1210_3225Metric.wrl
04-01 18:01:30 com_github_MitjaNemec_Archive3DModels.archive_3d_models 51:Getting 3D models for footprint of: D5
04-01 18:01:30 com_github_MitjaNemec_Archive3DModels.archive_3d_models 63:Trying to copy: ${KIPRJMOD}/packages3D/SOT-23.wrl
04-01 18:01:30 com_github_MitjaNemec_Archive3DModels.archive_3d_models 150:Remapping: ${KIPRJMOD}/packages3D/SOT-23.wrl
04-01 18:01:30 com_github_MitjaNemec_Archive3DModels.archive_3d_models 51:Getting 3D models for footprint of: R19
04-01 18:01:30 com_github_MitjaNemec_Archive3DModels.archive_3d_models 63:Trying to copy: ${KIPRJMOD}/packages3D/R_1206_3216Metric.wrl
04-01 18:01:30 com_github_MitjaNemec_Archive3DModels.archive_3d_models 150:Remapping: ${KIPRJMOD}/packages3D/R_1206_3216Metric.wrl
04-01 18:01:30 com_github_MitjaNemec_Archive3DModels.archive_3d_models 51:Getting 3D models for footprint of: R16
04-01 18:01:30 com_github_MitjaNemec_Archive3DModels.archive_3d_models 63:Trying to copy: ${KIPRJMOD}/packages3D/R_1206_3216Metric.wrl
04-01 18:01:30 com_github_MitjaNemec_Archive3DModels.archive_3d_models 150:Remapping: ${KIPRJMOD}/packages3D/R_1206_3216Metric.wrl
04-01 18:01:30 com_github_MitjaNemec_Archive3DModels.archive_3d_models 51:Getting 3D models for footprint of: Q1
04-01 18:01:30 com_github_MitjaNemec_Archive3DModels.archive_3d_models 63:Trying to copy: ${KIPRJMOD}/packages3D/SOT-23-3P_L2.9-W1.3-H1.0-LS2.4-P0.95.wrl
04-01 18:01:30 com_github_MitjaNemec_Archive3DModels.archive_3d_models 150:Remapping: ${KIPRJMOD}/packages3D/SOT-23-3P_L2.9-W1.3-H1.0-LS2.4-P0.95.wrl
04-01 18:01:30 com_github_MitjaNemec_Archive3DModels.archive_3d_models 51:Getting 3D models for footprint of: C17
04-01 18:01:30 com_github_MitjaNemec_Archive3DModels.archive_3d_models 63:Trying to copy: ${KIPRJMOD}/packages3D/C_1210_3225Metric.wrl
04-01 18:01:30 com_github_MitjaNemec_Archive3DModels.archive_3d_models 150:Remapping: ${KIPRJMOD}/packages3D/C_1210_3225Metric.wrl
04-01 18:01:30 com_github_MitjaNemec_Archive3DModels.archive_3d_models 51:Getting 3D models for footprint of: C15
04-01 18:01:30 com_github_MitjaNemec_Archive3DModels.archive_3d_models 63:Trying to copy: ${KIPRJMOD}/packages3D/C_1210_3225Metric.wrl
04-01 18:01:30 com_github_MitjaNemec_Archive3DModels.archive_3d_models 150:Remapping: ${KIPRJMOD}/packages3D/C_1210_3225Metric.wrl
04-01 18:01:30 com_github_MitjaNemec_Archive3DModels.archive_3d_models 51:Getting 3D models for footprint of: KEY2
04-01 18:01:30 com_github_MitjaNemec_Archive3DModels.archive_3d_models 63:Trying to copy: ${KIPRJMOD}/packages3D/KEY-SMD_4P-L6.2-W6.2-H5.0-LS9.0-P4.5.wrl
04-01 18:01:30 com_github_MitjaNemec_Archive3DModels.archive_3d_models 150:Remapping: ${KIPRJMOD}/packages3D/KEY-SMD_4P-L6.2-W6.2-H5.0-LS9.0-P4.5.wrl
04-01 18:01:30 com_github_MitjaNemec_Archive3DModels.archive_3d_models 51:Getting 3D models for footprint of: KEY1
04-01 18:01:30 com_github_MitjaNemec_Archive3DModels.archive_3d_models 63:Trying to copy: ${KIPRJMOD}/packages3D/KEY-SMD_4P-L6.2-W6.2-H5.0-LS9.0-P4.5.wrl
04-01 18:01:30 com_github_MitjaNemec_Archive3DModels.archive_3d_models 150:Remapping: ${KIPRJMOD}/packages3D/KEY-SMD_4P-L6.2-W6.2-H5.0-LS9.0-P4.5.wrl
04-01 18:01:30 com_github_MitjaNemec_Archive3DModels.archive_3d_models 51:Getting 3D models for footprint of: C16
04-01 18:01:30 com_github_MitjaNemec_Archive3DModels.archive_3d_models 63:Trying to copy: ${KIPRJMOD}/packages3D/C_1210_3225Metric.wrl
04-01 18:01:30 com_github_MitjaNemec_Archive3DModels.archive_3d_models 150:Remapping: ${KIPRJMOD}/packages3D/C_1210_3225Metric.wrl
04-01 18:01:30 com_github_MitjaNemec_Archive3DModels.archive_3d_models 51:Getting 3D models for footprint of: C32
04-01 18:01:30 com_github_MitjaNemec_Archive3DModels.archive_3d_models 63:Trying to copy: ${KIPRJMOD}/packages3D/C_1210_3225Metric.wrl
04-01 18:01:30 com_github_MitjaNemec_Archive3DModels.archive_3d_models 150:Remapping: ${KIPRJMOD}/packages3D/C_1210_3225Metric.wrl
04-01 18:01:30 com_github_MitjaNemec_Archive3DModels.archive_3d_models 51:Getting 3D models for footprint of: TP2
04-01 18:01:30 com_github_MitjaNemec_Archive3DModels.archive_3d_models 51:Getting 3D models for footprint of: TP4
04-01 18:01:30 com_github_MitjaNemec_Archive3DModels.archive_3d_models 51:Getting 3D models for footprint of: USB1
04-01 18:01:30 com_github_MitjaNemec_Archive3DModels.archive_3d_models 63:Trying to copy: /home/casper/Documents/Kicad/easyeda2kicad/easyeda2kicad.3dshapes/TYPE-C-SMD_TYPE-C-6P_5.wrl
04-01 18:01:30 com_github_MitjaNemec_Archive3DModels.archive_3d_models 150:Remapping: /home/casper/Documents/Kicad/easyeda2kicad/easyeda2kicad.3dshapes/TYPE-C-SMD_TYPE-C-6P_5.wrl
04-01 18:01:30 com_github_MitjaNemec_Archive3DModels.archive_3d_models 51:Getting 3D models for footprint of: J2
04-01 18:01:30 com_github_MitjaNemec_Archive3DModels.archive_3d_models 63:Trying to copy: ${KICAD9_3DMODEL_DIR}/Connector_PinSocket_2.54mm.3dshapes/PinSocket_1x05_P2.54mm_Horizontal.wrl
04-01 18:01:30 com_github_MitjaNemec_Archive3DModels.archive_3d_models 150:Remapping: ${KICAD9_3DMODEL_DIR}/Connector_PinSocket_2.54mm.3dshapes/PinSocket_1x05_P2.54mm_Horizontal.wrl
04-01 18:01:30 com_github_MitjaNemec_Archive3DModels.archive_3d_models 51:Getting 3D models for footprint of: R18
04-01 18:01:30 com_github_MitjaNemec_Archive3DModels.archive_3d_models 63:Trying to copy: ${KIPRJMOD}/packages3D/R_1206_3216Metric.wrl
04-01 18:01:30 com_github_MitjaNemec_Archive3DModels.archive_3d_models 150:Remapping: ${KIPRJMOD}/packages3D/R_1206_3216Metric.wrl
04-01 18:01:30 com_github_MitjaNemec_Archive3DModels.archive_3d_models 51:Getting 3D models for footprint of: R9
04-01 18:01:30 com_github_MitjaNemec_Archive3DModels.archive_3d_models 63:Trying to copy: ${KIPRJMOD}/packages3D/R_1206_3216Metric.wrl
04-01 18:01:30 com_github_MitjaNemec_Archive3DModels.archive_3d_models 150:Remapping: ${KIPRJMOD}/packages3D/R_1206_3216Metric.wrl
04-01 18:01:30 com_github_MitjaNemec_Archive3DModels.archive_3d_models 51:Getting 3D models for footprint of: U2
04-01 18:01:30 com_github_MitjaNemec_Archive3DModels.archive_3d_models 63:Trying to copy: ${KIPRJMOD}/packages3D/SOT-223-4P_L6.5-W3.5-H1.6-LS7.0-P2.30.wrl
04-01 18:01:30 com_github_MitjaNemec_Archive3DModels.archive_3d_models 150:Remapping: ${KIPRJMOD}/packages3D/SOT-223-4P_L6.5-W3.5-H1.6-LS7.0-P2.30.wrl
04-01 18:01:30 com_github_MitjaNemec_Archive3DModels.archive_3d_models 51:Getting 3D models for footprint of: C14
04-01 18:01:30 com_github_MitjaNemec_Archive3DModels.archive_3d_models 63:Trying to copy: ${KIPRJMOD}/packages3D/C_1210_3225Metric.wrl
04-01 18:01:30 com_github_MitjaNemec_Archive3DModels.archive_3d_models 150:Remapping: ${KIPRJMOD}/packages3D/C_1210_3225Metric.wrl
04-01 18:01:30 com_github_MitjaNemec_Archive3DModels.archive_3d_models 51:Getting 3D models for footprint of: LS1
04-01 18:01:30 com_github_MitjaNemec_Archive3DModels.archive_3d_models 63:Trying to copy: ${KIPRJMOD}/packages3D/Buzzer.STEP
04-01 18:01:30 com_github_MitjaNemec_Archive3DModels.archive_3d_models 150:Remapping: ${KIPRJMOD}/packages3D/Buzzer.STEP
04-01 18:01:30 com_github_MitjaNemec_Archive3DModels.archive_3d_models 51:Getting 3D models for footprint of: R14
04-01 18:01:30 com_github_MitjaNemec_Archive3DModels.archive_3d_models 63:Trying to copy: ${KIPRJMOD}/packages3D/R_1206_3216Metric.wrl
04-01 18:01:30 com_github_MitjaNemec_Archive3DModels.archive_3d_models 150:Remapping: ${KIPRJMOD}/packages3D/R_1206_3216Metric.wrl
04-01 18:01:30 com_github_MitjaNemec_Archive3DModels.archive_3d_models 51:Getting 3D models for footprint of: D12
04-01 18:01:30 com_github_MitjaNemec_Archive3DModels.archive_3d_models 63:Trying to copy: ${KIPRJMOD}/packages3D/LED-SMD_4P-L5.0-W5.0-BL_TC5050RGB.wrl
04-01 18:01:30 com_github_MitjaNemec_Archive3DModels.archive_3d_models 150:Remapping: ${KIPRJMOD}/packages3D/LED-SMD_4P-L5.0-W5.0-BL_TC5050RGB.wrl
04-01 18:01:30 com_github_MitjaNemec_Archive3DModels.archive_3d_models 51:Getting 3D models for footprint of: D25
04-01 18:01:30 com_github_MitjaNemec_Archive3DModels.archive_3d_models 63:Trying to copy: ${KIPRJMOD}/packages3D/LED-SMD_4P-L5.0-W5.0-BL_TC5050RGB.wrl
04-01 18:01:30 com_github_MitjaNemec_Archive3DModels.archive_3d_models 150:Remapping: ${KIPRJMOD}/packages3D/LED-SMD_4P-L5.0-W5.0-BL_TC5050RGB.wrl
04-01 18:01:30 com_github_MitjaNemec_Archive3DModels.archive_3d_models 51:Getting 3D models for footprint of: D27
04-01 18:01:30 com_github_MitjaNemec_Archive3DModels.archive_3d_models 63:Trying to copy: ${KIPRJMOD}/packages3D/LED-SMD_4P-L5.0-W5.0-BL_TC5050RGB.wrl
04-01 18:01:30 com_github_MitjaNemec_Archive3DModels.archive_3d_models 150:Remapping: ${KIPRJMOD}/packages3D/LED-SMD_4P-L5.0-W5.0-BL_TC5050RGB.wrl
04-01 18:01:30 com_github_MitjaNemec_Archive3DModels.archive_3d_models 51:Getting 3D models for footprint of: F1
04-01 18:01:30 com_github_MitjaNemec_Archive3DModels.archive_3d_models 63:Trying to copy: ${KICAD9_3DMODEL_DIR}/Fuse.3dshapes/Fuse_1206_3216Metric.wrl
04-01 18:01:30 com_github_MitjaNemec_Archive3DModels.archive_3d_models 150:Remapping: ${KICAD9_3DMODEL_DIR}/Fuse.3dshapes/Fuse_1206_3216Metric.wrl
04-01 18:01:30 com_github_MitjaNemec_Archive3DModels.archive_3d_models 51:Getting 3D models for footprint of: LED2
04-01 18:01:30 com_github_MitjaNemec_Archive3DModels.archive_3d_models 63:Trying to copy: ${KIPRJMOD}/packages3D/LED1206_RED.wrl
04-01 18:01:30 com_github_MitjaNemec_Archive3DModels.archive_3d_models 150:Remapping: ${KIPRJMOD}/packages3D/LED1206_RED.wrl
04-01 18:01:30 com_github_MitjaNemec_Archive3DModels.archive_3d_models 51:Getting 3D models for footprint of: D20
04-01 18:01:30 com_github_MitjaNemec_Archive3DModels.archive_3d_models 63:Trying to copy: ${KIPRJMOD}/packages3D/LED-SMD_4P-L5.0-W5.0-BL_TC5050RGB.wrl
04-01 18:01:30 com_github_MitjaNemec_Archive3DModels.archive_3d_models 150:Remapping: ${KIPRJMOD}/packages3D/LED-SMD_4P-L5.0-W5.0-BL_TC5050RGB.wrl
04-01 18:01:30 com_github_MitjaNemec_Archive3DModels.archive_3d_models 51:Getting 3D models for footprint of: D19
04-01 18:01:30 com_github_MitjaNemec_Archive3DModels.archive_3d_models 63:Trying to copy: ${KIPRJMOD}/packages3D/LED-SMD_4P-L5.0-W5.0-BL_TC5050RGB.wrl
04-01 18:01:30 com_github_MitjaNemec_Archive3DModels.archive_3d_models 150:Remapping: ${KIPRJMOD}/packages3D/LED-SMD_4P-L5.0-W5.0-BL_TC5050RGB.wrl
04-01 18:01:30 com_github_MitjaNemec_Archive3DModels.archive_3d_models 51:Getting 3D models for footprint of: D17
04-01 18:01:30 com_github_MitjaNemec_Archive3DModels.archive_3d_models 63:Trying to copy: ${KIPRJMOD}/packages3D/LED-SMD_4P-L5.0-W5.0-BL_TC5050RGB.wrl
04-01 18:01:30 com_github_MitjaNemec_Archive3DModels.archive_3d_models 150:Remapping: ${KIPRJMOD}/packages3D/LED-SMD_4P-L5.0-W5.0-BL_TC5050RGB.wrl
04-01 18:01:30 com_github_MitjaNemec_Archive3DModels.archive_3d_models 51:Getting 3D models for footprint of: D18
04-01 18:01:30 com_github_MitjaNemec_Archive3DModels.archive_3d_models 63:Trying to copy: ${KIPRJMOD}/packages3D/LED-SMD_4P-L5.0-W5.0-BL_TC5050RGB.wrl
04-01 18:01:30 com_github_MitjaNemec_Archive3DModels.archive_3d_models 150:Remapping: ${KIPRJMOD}/packages3D/LED-SMD_4P-L5.0-W5.0-BL_TC5050RGB.wrl
04-01 18:01:30 com_github_MitjaNemec_Archive3DModels.archive_3d_models 51:Getting 3D models for footprint of: D14
04-01 18:01:30 com_github_MitjaNemec_Archive3DModels.archive_3d_models 63:Trying to copy: ${KIPRJMOD}/packages3D/LED-SMD_4P-L5.0-W5.0-BL_TC5050RGB.wrl
04-01 18:01:30 com_github_MitjaNemec_Archive3DModels.archive_3d_models 150:Remapping: ${KIPRJMOD}/packages3D/LED-SMD_4P-L5.0-W5.0-BL_TC5050RGB.wrl
04-01 18:01:30 com_github_MitjaNemec_Archive3DModels.archive_3d_models 51:Getting 3D models for footprint of: D10
04-01 18:01:30 com_github_MitjaNemec_Archive3DModels.archive_3d_models 63:Trying to copy: ${KIPRJMOD}/packages3D/LED-SMD_4P-L5.0-W5.0-BL_TC5050RGB.wrl
04-01 18:01:30 com_github_MitjaNemec_Archive3DModels.archive_3d_models 150:Remapping: ${KIPRJMOD}/packages3D/LED-SMD_4P-L5.0-W5.0-BL_TC5050RGB.wrl
04-01 18:01:30 com_github_MitjaNemec_Archive3DModels.archive_3d_models 51:Getting 3D models for footprint of: D16
04-01 18:01:30 com_github_MitjaNemec_Archive3DModels.archive_3d_models 63:Trying to copy: ${KIPRJMOD}/packages3D/LED-SMD_4P-L5.0-W5.0-BL_TC5050RGB.wrl
04-01 18:01:30 com_github_MitjaNemec_Archive3DModels.archive_3d_models 150:Remapping: ${KIPRJMOD}/packages3D/LED-SMD_4P-L5.0-W5.0-BL_TC5050RGB.wrl
04-01 18:01:30 com_github_MitjaNemec_Archive3DModels.archive_3d_models 51:Getting 3D models for footprint of: D15
04-01 18:01:30 com_github_MitjaNemec_Archive3DModels.archive_3d_models 63:Trying to copy: ${KIPRJMOD}/packages3D/LED-SMD_4P-L5.0-W5.0-BL_TC5050RGB.wrl
04-01 18:01:30 com_github_MitjaNemec_Archive3DModels.archive_3d_models 150:Remapping: ${KIPRJMOD}/packages3D/LED-SMD_4P-L5.0-W5.0-BL_TC5050RGB.wrl
04-01 18:01:30 com_github_MitjaNemec_Archive3DModels.archive_3d_models 51:Getting 3D models for footprint of: D26
04-01 18:01:30 com_github_MitjaNemec_Archive3DModels.archive_3d_models 63:Trying to copy: ${KIPRJMOD}/packages3D/LED-SMD_4P-L5.0-W5.0-BL_TC5050RGB.wrl
04-01 18:01:30 com_github_MitjaNemec_Archive3DModels.archive_3d_models 150:Remapping: ${KIPRJMOD}/packages3D/LED-SMD_4P-L5.0-W5.0-BL_TC5050RGB.wrl
04-01 18:01:30 com_github_MitjaNemec_Archive3DModels.archive_3d_models 51:Getting 3D models for footprint of: D24
04-01 18:01:30 com_github_MitjaNemec_Archive3DModels.archive_3d_models 63:Trying to copy: ${KIPRJMOD}/packages3D/LED-SMD_4P-L5.0-W5.0-BL_TC5050RGB.wrl
04-01 18:01:30 com_github_MitjaNemec_Archive3DModels.archive_3d_models 150:Remapping: ${KIPRJMOD}/packages3D/LED-SMD_4P-L5.0-W5.0-BL_TC5050RGB.wrl
04-01 18:01:30 com_github_MitjaNemec_Archive3DModels.archive_3d_models 51:Getting 3D models for footprint of: D21
04-01 18:01:30 com_github_MitjaNemec_Archive3DModels.archive_3d_models 63:Trying to copy: ${KIPRJMOD}/packages3D/LED-SMD_4P-L5.0-W5.0-BL_TC5050RGB.wrl
04-01 18:01:30 com_github_MitjaNemec_Archive3DModels.archive_3d_models 150:Remapping: ${KIPRJMOD}/packages3D/LED-SMD_4P-L5.0-W5.0-BL_TC5050RGB.wrl
04-01 18:01:30 com_github_MitjaNemec_Archive3DModels.archive_3d_models 51:Getting 3D models for footprint of: D22
04-01 18:01:30 com_github_MitjaNemec_Archive3DModels.archive_3d_models 63:Trying to copy: ${KIPRJMOD}/packages3D/LED-SMD_4P-L5.0-W5.0-BL_TC5050RGB.wrl
04-01 18:01:30 com_github_MitjaNemec_Archive3DModels.archive_3d_models 150:Remapping: ${KIPRJMOD}/packages3D/LED-SMD_4P-L5.0-W5.0-BL_TC5050RGB.wrl
04-01 18:01:30 com_github_MitjaNemec_Archive3DModels.archive_3d_models 51:Getting 3D models for footprint of: D13
04-01 18:01:30 com_github_MitjaNemec_Archive3DModels.archive_3d_models 63:Trying to copy: ${KIPRJMOD}/packages3D/LED-SMD_4P-L5.0-W5.0-BL_TC5050RGB.wrl
04-01 18:01:30 com_github_MitjaNemec_Archive3DModels.archive_3d_models 150:Remapping: ${KIPRJMOD}/packages3D/LED-SMD_4P-L5.0-W5.0-BL_TC5050RGB.wrl
04-01 18:01:30 com_github_MitjaNemec_Archive3DModels.archive_3d_models 51:Getting 3D models for footprint of: D23
04-01 18:01:30 com_github_MitjaNemec_Archive3DModels.archive_3d_models 63:Trying to copy: ${KIPRJMOD}/packages3D/LED-SMD_4P-L5.0-W5.0-BL_TC5050RGB.wrl
04-01 18:01:30 com_github_MitjaNemec_Archive3DModels.archive_3d_models 150:Remapping: ${KIPRJMOD}/packages3D/LED-SMD_4P-L5.0-W5.0-BL_TC5050RGB.wrl
04-01 18:01:30 com_github_MitjaNemec_Archive3DModels.archive_3d_models 51:Getting 3D models for footprint of: D11
04-01 18:01:30 com_github_MitjaNemec_Archive3DModels.archive_3d_models 63:Trying to copy: ${KIPRJMOD}/packages3D/LED-SMD_4P-L5.0-W5.0-BL_TC5050RGB.wrl
04-01 18:01:30 com_github_MitjaNemec_Archive3DModels.archive_3d_models 150:Remapping: ${KIPRJMOD}/packages3D/LED-SMD_4P-L5.0-W5.0-BL_TC5050RGB.wrl
